# JRE version: Java(TM) SE Runtime Environment (8.0_111-b14) (build 1.8.0_111-b14)
# Java VM: Java HotSpot(TM) 64-Bit Server VM (25.111-b14 mixed mode windows-amd64 compressed oops)
Heap:
 PSYoungGen      total 371712K, used 17706K [0x00000000d5e00000, 0x00000000f4180000, 0x0000000100000000)
  eden space 344064K, 5% used [0x00000000d5e00000,0x00000000d6f4a868,0x00000000eae00000)
  from space 27648K, 0% used [0x00000000eae00000,0x00000000eae00000,0x00000000ec900000)
  to   space 28672K, 0% used [0x00000000f2580000,0x00000000f2580000,0x00000000f4180000)
 ParOldGen       total 111104K, used 39840K [0x0000000081a00000, 0x0000000088680000, 0x00000000d5e00000)
  object space 111104K, 35% used [0x0000000081a00000,0x00000000840e81e8,0x0000000088680000)
 Metaspace       used 58442K, capacity 59312K, committed 59736K, reserved 1101824K
  class space    used 7620K, capacity 7807K, committed 7936K, reserved 1048576K
GC Heap History (10 events):
Event: 17.118 GC heap before
{Heap before GC invocations=10 (full 2):
 PSYoungGen      total 295936K, used 15055K [0x00000000d5e00000, 0x00000000ead80000, 0x0000000100000000)
  eden space 278528K, 0% used [0x00000000d5e00000,0x00000000d5e00000,0x00000000e6e00000)
  from space 17408K, 86% used [0x00000000e8080000,0x00000000e8f33fc8,0x00000000e9180000)
  to   space 18944K, 0% used [0x00000000e6e00000,0x00000000e6e00000,0x00000000e8080000)
 ParOldGen       total 64000K, used 16898K [0x0000000081a00000, 0x0000000085880000, 0x00000000d5e00000)
  object space 64000K, 26% used [0x0000000081a00000,0x0000000082a809a8,0x0000000085880000)
 Metaspace       used 34957K, capacity 35392K, committed 35456K, reserved 1081344K
  class space    used 4369K, capacity 4473K, committed 4480K, reserved 1048576K
Event: 17.452 GC heap after
Heap after GC invocations=10 (full 2):
 PSYoungGen      total 295936K, used 0K [0x00000000d5e00000, 0x00000000ead80000, 0x0000000100000000)
  eden space 278528K, 0% used [0x00000000d5e00000,0x00000000d5e00000,0x00000000e6e00000)
  from space 17408K, 0% used [0x00000000e8080000,0x00000000e8080000,0x00000000e9180000)
  to   space 18944K, 0% used [0x00000000e6e00000,0x00000000e6e00000,0x00000000e8080000)
 ParOldGen       total 111104K, used 24669K [0x0000000081a00000, 0x0000000088680000, 0x00000000d5e00000)
  object space 111104K, 22% used [0x0000000081a00000,0x0000000083217630,0x0000000088680000)
 Metaspace       used 34957K, capacity 35392K, committed 35456K, reserved 1081344K
  class space    used 4369K, capacity 4473K, committed 4480K, reserved 1048576K
}
Event: 36.383 GC heap before
{Heap before GC invocations=11 (full 2):
 PSYoungGen      total 295936K, used 278528K [0x00000000d5e00000, 0x00000000ead80000, 0x0000000100000000)
  eden space 278528K, 100% used [0x00000000d5e00000,0x00000000e6e00000,0x00000000e6e00000)
  from space 17408K, 0% used [0x00000000e8080000,0x00000000e8080000,0x00000000e9180000)
  to   space 18944K, 0% used [0x00000000e6e00000,0x00000000e6e00000,0x00000000e8080000)
 ParOldGen       total 111104K, used 24669K [0x0000000081a00000, 0x0000000088680000, 0x00000000d5e00000)
  object space 111104K, 22% used [0x0000000081a00000,0x0000000083217630,0x0000000088680000)
 Metaspace       used 52944K, capacity 53586K, committed 53888K, reserved 1095680K
  class space    used 6864K, capacity 7033K, committed 7040K, reserved 1048576K
Event: 36.463 GC heap after
Heap after GC invocations=11 (full 2):
 PSYoungGen      total 297472K, used 18924K [0x00000000d5e00000, 0x00000000ee200000, 0x0000000100000000)
  eden space 278528K, 0% used [0x00000000d5e00000,0x00000000d5e00000,0x00000000e6e00000)
  from space 18944K, 99% used [0x00000000e6e00000,0x00000000e807b140,0x00000000e8080000)
  to   space 25600K, 0% used [0x00000000ec900000,0x00000000ec900000,0x00000000ee200000)
 ParOldGen       total 111104K, used 34546K [0x0000000081a00000, 0x0000000088680000, 0x00000000d5e00000)
  object space 111104K, 31% used [0x0000000081a00000,0x0000000083bbc8c0,0x0000000088680000)
 Metaspace       used 52944K, capacity 53586K, committed 53888K, reserved 1095680K
  class space    used 6864K, capacity 7033K, committed 7040K, reserved 1048576K
}
Event: 41.590 GC heap before
{Heap before GC invocations=12 (full 2):
 PSYoungGen      total 297472K, used 297452K [0x00000000d5e00000, 0x00000000ee200000, 0x0000000100000000)
  eden space 278528K, 100% used [0x00000000d5e00000,0x00000000e6e00000,0x00000000e6e00000)
  from space 18944K, 99% used [0x00000000e6e00000,0x00000000e807b140,0x00000000e8080000)
  to   space 25600K, 0% used [0x00000000ec900000,0x00000000ec900000,0x00000000ee200000)
 ParOldGen       total 111104K, used 34546K [0x0000000081a00000, 0x0000000088680000, 0x00000000d5e00000)
  object space 111104K, 31% used [0x0000000081a00000,0x0000000083bbc8c0,0x0000000088680000)
 Metaspace       used 57398K, capacity 58160K, committed 58496K, reserved 1099776K
  class space    used 7505K, capacity 7684K, committed 7808K, reserved 1048576K
Event: 41.661 GC heap after
Heap after GC invocations=12 (full 2):
 PSYoungGen      total 369664K, used 20807K [0x00000000d5e00000, 0x00000000ee600000, 0x0000000100000000)
  eden space 344064K, 0% used [0x00000000d5e00000,0x00000000d5e00000,0x00000000eae00000)
  from space 25600K, 81% used [0x00000000ec900000,0x00000000edd51fe8,0x00000000ee200000)
  to   space 27648K, 0% used [0x00000000eae00000,0x00000000eae00000,0x00000000ec900000)
 ParOldGen       total 111104K, used 34554K [0x0000000081a00000, 0x0000000088680000, 0x00000000d5e00000)
  object space 111104K, 31% used [0x0000000081a00000,0x0000000083bbe8c0,0x0000000088680000)
 Metaspace       used 57398K, capacity 58160K, committed 58496K, reserved 1099776K
  class space    used 7505K, capacity 7684K, committed 7808K, reserved 1048576K
}
Event: 43.539 GC heap before
{Heap before GC invocations=13 (full 2):
 PSYoungGen      total 369664K, used 99032K [0x00000000d5e00000, 0x00000000ee600000, 0x0000000100000000)
  eden space 344064K, 22% used [0x00000000d5e00000,0x00000000daa64328,0x00000000eae00000)
  from space 25600K, 81% used [0x00000000ec900000,0x00000000edd51fe8,0x00000000ee200000)
  to   space 27648K, 0% used [0x00000000eae00000,0x00000000eae00000,0x00000000ec900000)
 ParOldGen       total 111104K, used 34554K [0x0000000081a00000, 0x0000000088680000, 0x00000000d5e00000)
  object space 111104K, 31% used [0x0000000081a00000,0x0000000083bbe8c0,0x0000000088680000)
 Metaspace       used 58162K, capacity 58984K, committed 59096K, reserved 1101824K
  class space    used 7584K, capacity 7778K, committed 7808K, reserved 1048576K
Event: 43.591 GC heap after
Heap after GC invocations=13 (full 2):
 PSYoungGen      total 371712K, used 19331K [0x00000000d5e00000, 0x00000000f4180000, 0x0000000100000000)
  eden space 344064K, 0% used [0x00000000d5e00000,0x00000000d5e00000,0x00000000eae00000)
  from space 27648K, 69% used [0x00000000eae00000,0x00000000ec0e0c18,0x00000000ec900000)
  to   space 28672K, 0% used [0x00000000f2580000,0x00000000f2580000,0x00000000f4180000)
 ParOldGen       total 111104K, used 34554K [0x0000000081a00000, 0x0000000088680000, 0x00000000d5e00000)
  object space 111104K, 31% used [0x0000000081a00000,0x0000000083bbe8c0,0x0000000088680000)
 Metaspace       used 58162K, capacity 58984K, committed 59096K, reserved 1101824K
  class space    used 7584K, capacity 7778K, committed 7808K, reserved 1048576K
}
Event: 43.591 GC heap before
{Heap before GC invocations=14 (full 3):
 PSYoungGen      total 371712K, used 19331K [0x00000000d5e00000, 0x00000000f4180000, 0x0000000100000000)
  eden space 344064K, 0% used [0x00000000d5e00000,0x00000000d5e00000,0x00000000eae00000)
  from space 27648K, 69% used [0x00000000eae00000,0x00000000ec0e0c18,0x00000000ec900000)
  to   space 28672K, 0% used [0x00000000f2580000,0x00000000f2580000,0x00000000f4180000)
 ParOldGen       total 111104K, used 34554K [0x0000000081a00000, 0x0000000088680000, 0x00000000d5e00000)
  object space 111104K, 31% used [0x0000000081a00000,0x0000000083bbe8c0,0x0000000088680000)
 Metaspace       used 58162K, capacity 58984K, committed 59096K, reserved 1101824K
  class space    used 7584K, capacity 7778K, committed 7808K, reserved 1048576K
Event: 44.056 GC heap after
Heap after GC invocations=14 (full 3):
 PSYoungGen      total 371712K, used 0K [0x00000000d5e00000, 0x00000000f4180000, 0x0000000100000000)
  eden space 344064K, 0% used [0x00000000d5e00000,0x00000000d5e00000,0x00000000eae00000)
  from space 27648K, 0% used [0x00000000eae00000,0x00000000eae00000,0x00000000ec900000)
  to   space 28672K, 0% used [0x00000000f2580000,0x00000000f2580000,0x00000000f4180000)
 ParOldGen       total 111104K, used 39840K [0x0000000081a00000, 0x0000000088680000, 0x00000000d5e00000)
  object space 111104K, 35% used [0x0000000081a00000,0x00000000840e81e8,0x0000000088680000)
 Metaspace       used 58143K, capacity 58954K, committed 59096K, reserved 1101824K
  class space    used 7581K, capacity 7773K, committed 7808K, reserved 1048576K
}

