# JRE version: Java(TM) SE Runtime Environment (8.0_144-b01) (build 1.8.0_144-b01)
# Java VM: Java HotSpot(TM) 64-Bit Server VM (25.144-b01 mixed mode windows-amd64 compressed oops)
Heap:
 PSYoungGen      total 197632K, used 132616K [0x00000000d5e00000, 0x00000000e2d00000, 0x0000000100000000)
  eden space 187904K, 70% used [0x00000000d5e00000,0x00000000ddf82010,0x00000000e1580000)
  from space 9728K, 0% used [0x00000000e2380000,0x00000000e2380000,0x00000000e2d00000)
  to   space 11776K, 0% used [0x00000000e1600000,0x00000000e1600000,0x00000000e2180000)
 ParOldGen       total 108544K, used 24801K [0x0000000081a00000, 0x0000000088400000, 0x00000000d5e00000)
  object space 108544K, 22% used [0x0000000081a00000,0x0000000083238758,0x0000000088400000)
 Metaspace       used 46688K, capacity 47194K, committed 47488K, reserved 1091584K
  class space    used 6029K, capacity 6167K, committed 6272K, reserved 1048576K
GC Heap History (10 events):
Event: 19.057 GC heap before
{Heap before GC invocations=6 (full 1):
 PSYoungGen      total 138240K, used 133120K [0x00000000d5e00000, 0x00000000dea00000, 0x0000000100000000)
  eden space 133120K, 100% used [0x00000000d5e00000,0x00000000de000000,0x00000000de000000)
  from space 5120K, 0% used [0x00000000de500000,0x00000000de500000,0x00000000dea00000)
  to   space 5120K, 0% used [0x00000000de000000,0x00000000de000000,0x00000000de500000)
 ParOldGen       total 63488K, used 7881K [0x0000000081a00000, 0x0000000085800000, 0x00000000d5e00000)
  object space 63488K, 12% used [0x0000000081a00000,0x00000000821b25f0,0x0000000085800000)
 Metaspace       used 23311K, capacity 23768K, committed 24064K, reserved 1071104K
  class space    used 2905K, capacity 3037K, committed 3072K, reserved 1048576K
Event: 19.070 GC heap after
Heap after GC invocations=6 (full 1):
 PSYoungGen      total 138240K, used 5101K [0x00000000d5e00000, 0x00000000e2e00000, 0x0000000100000000)
  eden space 133120K, 0% used [0x00000000d5e00000,0x00000000d5e00000,0x00000000de000000)
  from space 5120K, 99% used [0x00000000de000000,0x00000000de4fb7a0,0x00000000de500000)
  to   space 10752K, 0% used [0x00000000e2380000,0x00000000e2380000,0x00000000e2e00000)
 ParOldGen       total 63488K, used 9437K [0x0000000081a00000, 0x0000000085800000, 0x00000000d5e00000)
  object space 63488K, 14% used [0x0000000081a00000,0x00000000823376d8,0x0000000085800000)
 Metaspace       used 23311K, capacity 23768K, committed 24064K, reserved 1071104K
  class space    used 2905K, capacity 3037K, committed 3072K, reserved 1048576K
}
Event: 22.409 GC heap before
{Heap before GC invocations=7 (full 1):
 PSYoungGen      total 138240K, used 138221K [0x00000000d5e00000, 0x00000000e2e00000, 0x0000000100000000)
  eden space 133120K, 100% used [0x00000000d5e00000,0x00000000de000000,0x00000000de000000)
  from space 5120K, 99% used [0x00000000de000000,0x00000000de4fb7a0,0x00000000de500000)
  to   space 10752K, 0% used [0x00000000e2380000,0x00000000e2380000,0x00000000e2e00000)
 ParOldGen       total 63488K, used 9437K [0x0000000081a00000, 0x0000000085800000, 0x00000000d5e00000)
  object space 63488K, 14% used [0x0000000081a00000,0x00000000823376d8,0x0000000085800000)
 Metaspace       used 26422K, capacity 26782K, committed 27136K, reserved 1073152K
  class space    used 3353K, capacity 3470K, committed 3584K, reserved 1048576K
Event: 22.426 GC heap after
Heap after GC invocations=7 (full 1):
 PSYoungGen      total 197632K, used 9585K [0x00000000d5e00000, 0x00000000e2d00000, 0x0000000100000000)
  eden space 187904K, 0% used [0x00000000d5e00000,0x00000000d5e00000,0x00000000e1580000)
  from space 9728K, 98% used [0x00000000e2380000,0x00000000e2cdc568,0x00000000e2d00000)
  to   space 11776K, 0% used [0x00000000e1600000,0x00000000e1600000,0x00000000e2180000)
 ParOldGen       total 63488K, used 9437K [0x0000000081a00000, 0x0000000085800000, 0x00000000d5e00000)
  object space 63488K, 14% used [0x0000000081a00000,0x00000000823376d8,0x0000000085800000)
 Metaspace       used 26422K, capacity 26782K, committed 27136K, reserved 1073152K
  class space    used 3353K, capacity 3470K, committed 3584K, reserved 1048576K
}
Event: 31.498 GC heap before
{Heap before GC invocations=8 (full 1):
 PSYoungGen      total 197632K, used 197489K [0x00000000d5e00000, 0x00000000e2d00000, 0x0000000100000000)
  eden space 187904K, 100% used [0x00000000d5e00000,0x00000000e1580000,0x00000000e1580000)
  from space 9728K, 98% used [0x00000000e2380000,0x00000000e2cdc568,0x00000000e2d00000)
  to   space 11776K, 0% used [0x00000000e1600000,0x00000000e1600000,0x00000000e2180000)
 ParOldGen       total 63488K, used 9437K [0x0000000081a00000, 0x0000000085800000, 0x00000000d5e00000)
  object space 63488K, 14% used [0x0000000081a00000,0x00000000823376d8,0x0000000085800000)
 Metaspace       used 32185K, capacity 32576K, committed 32896K, reserved 1077248K
  class space    used 4050K, capacity 4153K, committed 4224K, reserved 1048576K
Event: 31.555 GC heap after
Heap after GC invocations=8 (full 1):
 PSYoungGen      total 199680K, used 11754K [0x00000000d5e00000, 0x00000000e2d00000, 0x0000000100000000)
  eden space 187904K, 0% used [0x00000000d5e00000,0x00000000d5e00000,0x00000000e1580000)
  from space 11776K, 99% used [0x00000000e1600000,0x00000000e217a910,0x00000000e2180000)
  to   space 9728K, 0% used [0x00000000e2380000,0x00000000e2380000,0x00000000e2d00000)
 ParOldGen       total 63488K, used 16833K [0x0000000081a00000, 0x0000000085800000, 0x00000000d5e00000)
  object space 63488K, 26% used [0x0000000081a00000,0x0000000082a70558,0x0000000085800000)
 Metaspace       used 32185K, capacity 32576K, committed 32896K, reserved 1077248K
  class space    used 4050K, capacity 4153K, committed 4224K, reserved 1048576K
}
Event: 32.986 GC heap before
{Heap before GC invocations=9 (full 1):
 PSYoungGen      total 199680K, used 95776K [0x00000000d5e00000, 0x00000000e2d00000, 0x0000000100000000)
  eden space 187904K, 44% used [0x00000000d5e00000,0x00000000db00d8a0,0x00000000e1580000)
  from space 11776K, 99% used [0x00000000e1600000,0x00000000e217a910,0x00000000e2180000)
  to   space 9728K, 0% used [0x00000000e2380000,0x00000000e2380000,0x00000000e2d00000)
 ParOldGen       total 63488K, used 16833K [0x0000000081a00000, 0x0000000085800000, 0x00000000d5e00000)
  object space 63488K, 26% used [0x0000000081a00000,0x0000000082a70558,0x0000000085800000)
 Metaspace       used 35017K, capacity 35392K, committed 35456K, reserved 1081344K
  class space    used 4376K, capacity 4473K, committed 4480K, reserved 1048576K
Event: 33.025 GC heap after
Heap after GC invocations=9 (full 1):
 PSYoungGen      total 197632K, used 9725K [0x00000000d5e00000, 0x00000000e2d00000, 0x0000000100000000)
  eden space 187904K, 0% used [0x00000000d5e00000,0x00000000d5e00000,0x00000000e1580000)
  from space 9728K, 99% used [0x00000000e2380000,0x00000000e2cff540,0x00000000e2d00000)
  to   space 11776K, 0% used [0x00000000e1600000,0x00000000e1600000,0x00000000e2180000)
 ParOldGen       total 63488K, used 22524K [0x0000000081a00000, 0x0000000085800000, 0x00000000d5e00000)
  object space 63488K, 35% used [0x0000000081a00000,0x0000000082fff178,0x0000000085800000)
 Metaspace       used 35017K, capacity 35392K, committed 35456K, reserved 1081344K
  class space    used 4376K, capacity 4473K, committed 4480K, reserved 1048576K
}
Event: 33.025 GC heap before
{Heap before GC invocations=10 (full 2):
 PSYoungGen      total 197632K, used 9725K [0x00000000d5e00000, 0x00000000e2d00000, 0x0000000100000000)
  eden space 187904K, 0% used [0x00000000d5e00000,0x00000000d5e00000,0x00000000e1580000)
  from space 9728K, 99% used [0x00000000e2380000,0x00000000e2cff540,0x00000000e2d00000)
  to   space 11776K, 0% used [0x00000000e1600000,0x00000000e1600000,0x00000000e2180000)
 ParOldGen       total 63488K, used 22524K [0x0000000081a00000, 0x0000000085800000, 0x00000000d5e00000)
  object space 63488K, 35% used [0x0000000081a00000,0x0000000082fff178,0x0000000085800000)
 Metaspace       used 35017K, capacity 35392K, committed 35456K, reserved 1081344K
  class space    used 4376K, capacity 4473K, committed 4480K, reserved 1048576K
Event: 33.381 GC heap after
Heap after GC invocations=10 (full 2):
 PSYoungGen      total 197632K, used 0K [0x00000000d5e00000, 0x00000000e2d00000, 0x0000000100000000)
  eden space 187904K, 0% used [0x00000000d5e00000,0x00000000d5e00000,0x00000000e1580000)
  from space 9728K, 0% used [0x00000000e2380000,0x00000000e2380000,0x00000000e2d00000)
  to   space 11776K, 0% used [0x00000000e1600000,0x00000000e1600000,0x00000000e2180000)
 ParOldGen       total 108544K, used 24801K [0x0000000081a00000, 0x0000000088400000, 0x00000000d5e00000)
  object space 108544K, 22% used [0x0000000081a00000,0x0000000083238758,0x0000000088400000)
 Metaspace       used 35017K, capacity 35392K, committed 35456K, reserved 1081344K
  class space    used 4376K, capacity 4473K, committed 4480K, reserved 1048576K
}

